<?xml version="1.0" encoding="UTF-8"?>
<testng-results skipped="0" failed="0" ignored="0" total="2" passed="2">
  <reporter-output>
  </reporter-output>
  <suite name="Suite" duration-ms="10049" started-at="2021-03-03T15:33:12Z" finished-at="2021-03-03T15:33:22Z">
    <groups>
    </groups>
    <test name="Test" duration-ms="10049" started-at="2021-03-03T15:33:12Z" finished-at="2021-03-03T15:33:22Z">
      <class name="TestCases.LoginTest">
        <test-method status="PASS" signature="Launch()[pri:0, instance:TestCases.LoginTest@6c3f5566]" name="Launch" is-config="true" duration-ms="16087" started-at="2021-03-03T15:32:56Z" finished-at="2021-03-03T15:33:12Z">
          <reporter-output>
          </reporter-output>
        </test-method> <!-- Launch -->
        <test-method status="PASS" signature="Checktitle()[pri:0, instance:TestCases.LoginTest@6c3f5566]" name="Checktitle" duration-ms="48" started-at="2021-03-03T15:33:12Z" finished-at="2021-03-03T15:33:12Z">
          <reporter-output>
          </reporter-output>
        </test-method> <!-- Checktitle -->
        <test-method status="PASS" signature="LoginDet()[pri:0, instance:TestCases.LoginTest@6c3f5566]" name="LoginDet" duration-ms="9906" started-at="2021-03-03T15:33:12Z" finished-at="2021-03-03T15:33:22Z">
          <reporter-output>
          </reporter-output>
        </test-method> <!-- LoginDet -->
      </class> <!-- TestCases.LoginTest -->
    </test> <!-- Test -->
  </suite> <!-- Suite -->
</testng-results>
