<?xml version="1.0" encoding="UTF-8"?>
<testng-results skipped="0" failed="0" ignored="0" total="2" passed="2">
  <reporter-output>
  </reporter-output>
  <suite name="Suite" duration-ms="12898" started-at="2021-02-17T15:52:12Z" finished-at="2021-02-17T15:52:24Z">
    <groups>
    </groups>
    <test name="Test" duration-ms="12898" started-at="2021-02-17T15:52:12Z" finished-at="2021-02-17T15:52:24Z">
      <class name="TestCases.LoginTest">
        <test-method status="PASS" signature="Launch()[pri:0, instance:TestCases.LoginTest@3c87521]" name="Launch" is-config="true" duration-ms="39226" started-at="2021-02-17T15:51:32Z" finished-at="2021-02-17T15:52:12Z">
          <reporter-output>
          </reporter-output>
        </test-method> <!-- Launch -->
        <test-method status="PASS" signature="Checktitle()[pri:0, instance:TestCases.LoginTest@3c87521]" name="Checktitle" duration-ms="77" started-at="2021-02-17T15:52:12Z" finished-at="2021-02-17T15:52:12Z">
          <reporter-output>
          </reporter-output>
        </test-method> <!-- Checktitle -->
        <test-method status="PASS" signature="LoginDet()[pri:0, instance:TestCases.LoginTest@3c87521]" name="LoginDet" duration-ms="12624" started-at="2021-02-17T15:52:12Z" finished-at="2021-02-17T15:52:24Z">
          <reporter-output>
          </reporter-output>
        </test-method> <!-- LoginDet -->
      </class> <!-- TestCases.LoginTest -->
    </test> <!-- Test -->
  </suite> <!-- Suite -->
</testng-results>
